e:\algorithms\leetcode\leetcode\leetcode\debug\vc120.pdb
e:\algorithms\leetcode\leetcode\leetcode\debug\vc120.idb
e:\algorithms\leetcode\leetcode\leetcode\debug\add2numbers.obj
e:\algorithms\leetcode\leetcode\leetcode\debug\besttime2buyandsellstoack_i.obj
e:\algorithms\leetcode\leetcode\leetcode\debug\convert_sorted_to_bst.obj
e:\algorithms\leetcode\leetcode\leetcode\debug\countbinarytreenode.obj
e:\algorithms\leetcode\leetcode\leetcode\debug\min_stack.obj
e:\algorithms\leetcode\leetcode\leetcode\debug\reverse_integer.obj
e:\algorithms\leetcode\leetcode\leetcode\debug\sortlist.obj
e:\algorithms\leetcode\leetcode\leetcode\debug\trie.obj
e:\algorithms\leetcode\leetcode\leetcode\debug\twosum.obj
e:\algorithms\leetcode\leetcode\leetcode\debug\源.obj
e:\algorithms\leetcode\leetcode\debug\leetcode.pdb
e:\algorithms\leetcode\leetcode\leetcode\debug\leetcode.tlog\cl.command.1.tlog
e:\algorithms\leetcode\leetcode\leetcode\debug\leetcode.tlog\cl.read.1.tlog
e:\algorithms\leetcode\leetcode\leetcode\debug\leetcode.tlog\cl.write.1.tlog
e:\algorithms\leetcode\leetcode\leetcode\debug\leetcode.tlog\link-cvtres.read.1.tlog
e:\algorithms\leetcode\leetcode\leetcode\debug\leetcode.tlog\link-cvtres.write.1.tlog
e:\algorithms\leetcode\leetcode\leetcode\debug\leetcode.tlog\link-rc.read.1.tlog
e:\algorithms\leetcode\leetcode\leetcode\debug\leetcode.tlog\link-rc.write.1.tlog
e:\algorithms\leetcode\leetcode\leetcode\debug\leetcode.tlog\link.command.1.tlog
e:\algorithms\leetcode\leetcode\leetcode\debug\leetcode.tlog\link.read.1.tlog
e:\algorithms\leetcode\leetcode\leetcode\debug\leetcode.tlog\link.write.1.tlog
