生成启动时间为 2016/4/1 12:45:03。
     1>项目“E:\Algorithms\leetcode\Leetcode\Leetcode\Leetcode.vcxproj”在节点 2 上(Build 个目标)。
     1>ClCompile:
         E:\VS2013\VC\bin\CL.exe /c /IE:\boost_1_57_0 /ZI /nologo /W3 /WX- /sdl /Od /Oy- /D WIN32 /D _DEBUG /D _CONSOLE /D _LIB /D _CRT_SECURE_NO_WARNINGS /D _UNICODE /D UNICODE /Gm /EHsc /RTC1 /MDd /GS /fp:precise /Zc:wchar_t /Zc:forScope /Fo"Debug\\" /Fd"Debug\vc120.pdb" /Gd /TP /analyze- /errorReport:prompt SingleNumber.cpp SummaryRange.cpp "源.cpp"
         源.cpp
     1>e:\algorithms\leetcode\leetcode\leetcode\largestrectanglearea.h(31): warning C4018: “<”: 有符号/无符号不匹配
     1>e:\algorithms\leetcode\leetcode\leetcode\largestrectanglearea.h(35): warning C4018: “<”: 有符号/无符号不匹配
     1>e:\algorithms\leetcode\leetcode\leetcode\largestrectanglearea.h(81): warning C4018: “<”: 有符号/无符号不匹配
     1>e:\algorithms\leetcode\leetcode\leetcode\largestrectanglearea.h(83): warning C4018: “<”: 有符号/无符号不匹配
     1>e:\algorithms\leetcode\leetcode\leetcode\binarytreenodes.h(58): warning C4244: “=”: 从“float”转换到“int”，可能丢失数据
     1>e:\algorithms\leetcode\leetcode\leetcode\searchforrange.h(28): warning C4018: “<”: 有符号/无符号不匹配
     1>e:\algorithms\leetcode\leetcode\leetcode\源.cpp(16): warning C4018: “<”: 有符号/无符号不匹配
         SummaryRange.cpp
     1>e:\algorithms\leetcode\leetcode\leetcode\summaryrange.cpp(25): warning C4018: “<”: 有符号/无符号不匹配
         SingleNumber.cpp
     1>e:\algorithms\leetcode\leetcode\leetcode\singlenumber.cpp(18): warning C4018: “<”: 有符号/无符号不匹配
         正在生成代码...
     1>e:\algorithms\leetcode\leetcode\leetcode\binarytreenodes.h(122): warning C4715: “countNodes__”: 不是所有的控件路径都返回值
       Link:
         E:\VS2013\VC\bin\link.exe /ERRORREPORT:PROMPT /OUT:"E:\Algorithms\leetcode\Leetcode\Debug\Leetcode.exe" /INCREMENTAL /NOLOGO opencv_ocl248d.lib opencv_stitching248d.lib opencv_videostab248d.lib opencv_superres248d.lib opencv_nonfree248d.lib opencv_gpu248d.lib opencv_legacy248d.lib opencv_contrib248d.lib opencv_calib3d248d.lib opencv_ts248d.lib opencv_features2d248d.lib opencv_objdetect248d.lib opencv_highgui248d.lib opencv_video248d.lib opencv_photo248d.lib opencv_imgproc248d.lib opencv_ml248d.lib opencv_flann248d.lib opencv_core248d.lib kernel32.lib user32.lib gdi32.lib winspool.lib comdlg32.lib advapi32.lib shell32.lib ole32.lib oleaut32.lib uuid.lib odbc32.lib odbccp32.lib /MANIFEST /MANIFESTUAC:"level='asInvoker' uiAccess='false'" /manifest:embed /DEBUG /PDB:"E:\Algorithms\leetcode\Leetcode\Debug\Leetcode.pdb" /SUBSYSTEM:CONSOLE /TLBID:1 /DYNAMICBASE /NXCOMPAT /IMPLIB:"E:\Algorithms\leetcode\Leetcode\Debug\Leetcode.lib" /MACHINE:X86 Debug\3sum.obj
         Debug\add2Numbers.obj
         Debug\BestTime2BuyandSellStoack_I.obj
         Debug\Convert_Sorted_To_BST.obj
         Debug\isUgly.obj
         Debug\Min_Stack.obj
         Debug\Permutations.obj
         Debug\Reverse_Integer.obj
         Debug\SetMatrix.obj
         Debug\SingleNumber.obj
         Debug\SortList.obj
         Debug\SpiralMatrix.obj
         Debug\SummaryRange.obj
         Debug\Trie.obj
         Debug\TwoSum.obj
         Debug\UniquePath.obj
         Debug\WordBreak.obj
         "Debug\源.obj"
         Leetcode.vcxproj -> E:\Algorithms\leetcode\Leetcode\Debug\Leetcode.exe
     1>已完成生成项目“E:\Algorithms\leetcode\Leetcode\Leetcode\Leetcode.vcxproj”(Build 个目标)的操作。

生成成功。

已用时间 00:00:02.57
